2621076 DEBUG [2023-06-02 16:30:25]  TemplateLoader.findTemplateSource("admin/login_zh.ftlh"): Not found
2621076 DEBUG [2023-06-02 16:30:25]  TemplateLoader.findTemplateSource("admin/login.ftlh"): Not found
2621076 DEBUG [2023-06-02 16:30:25]  "admin/login.ftlh"("zh_CN", UTF-8, parsed) no source found.
2629727 DEBUG [2023-06-02 16:30:34]  TemplateLoader.findTemplateSource("blog/amaze/index_zh_CN.ftlh"): Not found
2629728 DEBUG [2023-06-02 16:30:34]  TemplateLoader.findTemplateSource("blog/amaze/index_zh.ftlh"): Not found
2629728 DEBUG [2023-06-02 16:30:34]  TemplateLoader.findTemplateSource("blog/amaze/index.ftlh"): Not found
2629728 DEBUG [2023-06-02 16:30:34]  "blog/amaze/index.ftlh"("zh_CN", UTF-8, parsed) no source found.
2632361 DEBUG [2023-06-02 16:30:36]  TemplateLoader.findTemplateSource("blog/amaze/message_zh_CN.ftlh"): Not found
2632361 DEBUG [2023-06-02 16:30:36]  TemplateLoader.findTemplateSource("blog/amaze/message_zh.ftlh"): Not found
2632361 DEBUG [2023-06-02 16:30:36]  TemplateLoader.findTemplateSource("blog/amaze/message.ftlh"): Not found
2632361 DEBUG [2023-06-02 16:30:36]  "blog/amaze/message.ftlh"("zh_CN", UTF-8, parsed) no source found.
2632500 DEBUG [2023-06-02 16:30:36]  "blog/amaze/message.ftlh"("zh_CN", UTF-8, parsed) cached copy not yet stale; using cached.
2711348 DEBUG [2023-06-02 16:31:55]  TemplateLoader.findTemplateSource("blog/amaze/message_zh_CN.ftlh"): Not found
2711349 DEBUG [2023-06-02 16:31:55]  TemplateLoader.findTemplateSource("blog/amaze/message_zh.ftlh"): Not found
2711349 DEBUG [2023-06-02 16:31:55]  TemplateLoader.findTemplateSource("blog/amaze/message.ftlh"): Not found
2711349 DEBUG [2023-06-02 16:31:55]  "blog/amaze/message.ftlh"("zh_CN", UTF-8, parsed) no source found.
2711643 DEBUG [2023-06-02 16:31:56]  "blog/amaze/message.ftlh"("zh_CN", UTF-8, parsed) cached copy not yet stale; using cached.
2807025 DEBUG [2023-06-02 16:33:31]  TemplateLoader.findTemplateSource("blog/amaze/message_zh_CN.ftlh"): Not found
2807025 DEBUG [2023-06-02 16:33:31]  TemplateLoader.findTemplateSource("blog/amaze/message_zh.ftlh"): Not found
2807025 DEBUG [2023-06-02 16:33:31]  TemplateLoader.findTemplateSource("blog/amaze/message.ftlh"): Not found
2807025 DEBUG [2023-06-02 16:33:31]  "blog/amaze/message.ftlh"("zh_CN", UTF-8, parsed) no source found.
2807391 DEBUG [2023-06-02 16:33:31]  "blog/amaze/message.ftlh"("zh_CN", UTF-8, parsed) cached copy not yet stale; using cached.
2930196 DEBUG [2023-06-02 16:35:34]  TemplateLoader.findTemplateSource("blog/amaze/message_zh_CN.ftlh"): Not found
2930196 DEBUG [2023-06-02 16:35:34]  TemplateLoader.findTemplateSource("blog/amaze/message_zh.ftlh"): Not found
2930197 DEBUG [2023-06-02 16:35:34]  TemplateLoader.findTemplateSource("blog/amaze/message.ftlh"): Not found
2930197 DEBUG [2023-06-02 16:35:34]  "blog/amaze/message.ftlh"("zh_CN", UTF-8, parsed) no source found.
2930550 DEBUG [2023-06-02 16:35:34]  "blog/amaze/message.ftlh"("zh_CN", UTF-8, parsed) cached copy not yet stale; using cached.
1    DEBUG [2023-06-02 16:37:33]  Couldn't find template in cache for "admin/login.ftlh"("zh_CN", UTF-8, parsed); will try to load it.
3    DEBUG [2023-06-02 16:37:33]  TemplateLoader.findTemplateSource("admin/login_zh_CN.ftlh"): Not found
4    DEBUG [2023-06-02 16:37:33]  TemplateLoader.findTemplateSource("admin/login_zh.ftlh"): Not found
4    DEBUG [2023-06-02 16:37:33]  TemplateLoader.findTemplateSource("admin/login.ftlh"): Not found
12070 DEBUG [2023-06-02 16:37:45]  Couldn't find template in cache for "blog/amaze/index.ftlh"("zh_CN", UTF-8, parsed); will try to load it.
12071 DEBUG [2023-06-02 16:37:45]  TemplateLoader.findTemplateSource("blog/amaze/index_zh_CN.ftlh"): Not found
12071 DEBUG [2023-06-02 16:37:45]  TemplateLoader.findTemplateSource("blog/amaze/index_zh.ftlh"): Not found
12071 DEBUG [2023-06-02 16:37:45]  TemplateLoader.findTemplateSource("blog/amaze/index.ftlh"): Not found
16599 DEBUG [2023-06-02 16:37:49]  Couldn't find template in cache for "blog/amaze/message.ftlh"("zh_CN", UTF-8, parsed); will try to load it.
16600 DEBUG [2023-06-02 16:37:49]  TemplateLoader.findTemplateSource("blog/amaze/message_zh_CN.ftlh"): Not found
16600 DEBUG [2023-06-02 16:37:49]  TemplateLoader.findTemplateSource("blog/amaze/message_zh.ftlh"): Not found
16600 DEBUG [2023-06-02 16:37:49]  TemplateLoader.findTemplateSource("blog/amaze/message.ftlh"): Not found
16907 DEBUG [2023-06-02 16:37:50]  "blog/amaze/message.ftlh"("zh_CN", UTF-8, parsed) cached copy not yet stale; using cached.
35122 DEBUG [2023-06-02 16:38:08]  TemplateLoader.findTemplateSource("blog/amaze/message_zh_CN.ftlh"): Not found
35122 DEBUG [2023-06-02 16:38:08]  TemplateLoader.findTemplateSource("blog/amaze/message_zh.ftlh"): Not found
35123 DEBUG [2023-06-02 16:38:08]  TemplateLoader.findTemplateSource("blog/amaze/message.ftlh"): Not found
35123 DEBUG [2023-06-02 16:38:08]  "blog/amaze/message.ftlh"("zh_CN", UTF-8, parsed) no source found.
35360 DEBUG [2023-06-02 16:38:08]  "blog/amaze/message.ftlh"("zh_CN", UTF-8, parsed) cached copy not yet stale; using cached.
36322 DEBUG [2023-06-02 16:38:09]  TemplateLoader.findTemplateSource("blog/amaze/message_zh_CN.ftlh"): Not found
36322 DEBUG [2023-06-02 16:38:09]  TemplateLoader.findTemplateSource("blog/amaze/message_zh.ftlh"): Not found
36322 DEBUG [2023-06-02 16:38:09]  TemplateLoader.findTemplateSource("blog/amaze/message.ftlh"): Not found
36322 DEBUG [2023-06-02 16:38:09]  "blog/amaze/message.ftlh"("zh_CN", UTF-8, parsed) no source found.
36568 DEBUG [2023-06-02 16:38:09]  "blog/amaze/message.ftlh"("zh_CN", UTF-8, parsed) cached copy not yet stale; using cached.
196538 DEBUG [2023-06-02 16:40:49]  TemplateLoader.findTemplateSource("blog/amaze/message_zh_CN.ftlh"): Not found
196538 DEBUG [2023-06-02 16:40:49]  TemplateLoader.findTemplateSource("blog/amaze/message_zh.ftlh"): Not found
196540 DEBUG [2023-06-02 16:40:49]  TemplateLoader.findTemplateSource("blog/amaze/message.ftlh"): Not found
196540 DEBUG [2023-06-02 16:40:49]  "blog/amaze/message.ftlh"("zh_CN", UTF-8, parsed) no source found.
197062 DEBUG [2023-06-02 16:40:50]  "blog/amaze/message.ftlh"("zh_CN", UTF-8, parsed) cached copy not yet stale; using cached.
232744 DEBUG [2023-06-02 16:41:26]  TemplateLoader.findTemplateSource("blog/amaze/message_zh_CN.ftlh"): Not found
232744 DEBUG [2023-06-02 16:41:26]  TemplateLoader.findTemplateSource("blog/amaze/message_zh.ftlh"): Not found
232745 DEBUG [2023-06-02 16:41:26]  TemplateLoader.findTemplateSource("blog/amaze/message.ftlh"): Not found
232745 DEBUG [2023-06-02 16:41:26]  "blog/amaze/message.ftlh"("zh_CN", UTF-8, parsed) no source found.
233017 DEBUG [2023-06-02 16:41:26]  "blog/amaze/message.ftlh"("zh_CN", UTF-8, parsed) cached copy not yet stale; using cached.
0    DEBUG [2023-06-02 16:43:16]  Couldn't find template in cache for "blog/amaze/message.ftlh"("zh_CN", UTF-8, parsed); will try to load it.
3    DEBUG [2023-06-02 16:43:16]  TemplateLoader.findTemplateSource("blog/amaze/message_zh_CN.ftlh"): Not found
4    DEBUG [2023-06-02 16:43:16]  TemplateLoader.findTemplateSource("blog/amaze/message_zh.ftlh"): Not found
4    DEBUG [2023-06-02 16:43:16]  TemplateLoader.findTemplateSource("blog/amaze/message.ftlh"): Not found
837  DEBUG [2023-06-02 16:43:17]  "blog/amaze/message.ftlh"("zh_CN", UTF-8, parsed) cached copy not yet stale; using cached.
3707 DEBUG [2023-06-02 16:43:20]  Couldn't find template in cache for "admin/login.ftlh"("zh_CN", UTF-8, parsed); will try to load it.
3707 DEBUG [2023-06-02 16:43:20]  TemplateLoader.findTemplateSource("admin/login_zh_CN.ftlh"): Not found
3708 DEBUG [2023-06-02 16:43:20]  TemplateLoader.findTemplateSource("admin/login_zh.ftlh"): Not found
3708 DEBUG [2023-06-02 16:43:20]  TemplateLoader.findTemplateSource("admin/login.ftlh"): Not found
30880 DEBUG [2023-06-02 16:43:47]  Couldn't find template in cache for "blog/amaze/index.ftlh"("zh_CN", UTF-8, parsed); will try to load it.
30880 DEBUG [2023-06-02 16:43:47]  TemplateLoader.findTemplateSource("blog/amaze/index_zh_CN.ftlh"): Not found
30880 DEBUG [2023-06-02 16:43:47]  TemplateLoader.findTemplateSource("blog/amaze/index_zh.ftlh"): Not found
30880 DEBUG [2023-06-02 16:43:47]  TemplateLoader.findTemplateSource("blog/amaze/index.ftlh"): Not found
33470 DEBUG [2023-06-02 16:43:50]  TemplateLoader.findTemplateSource("blog/amaze/message_zh_CN.ftlh"): Not found
33472 DEBUG [2023-06-02 16:43:50]  TemplateLoader.findTemplateSource("blog/amaze/message_zh.ftlh"): Not found
33472 DEBUG [2023-06-02 16:43:50]  TemplateLoader.findTemplateSource("blog/amaze/message.ftlh"): Not found
33472 DEBUG [2023-06-02 16:43:50]  "blog/amaze/message.ftlh"("zh_CN", UTF-8, parsed) no source found.
33641 DEBUG [2023-06-02 16:43:50]  "blog/amaze/message.ftlh"("zh_CN", UTF-8, parsed) cached copy not yet stale; using cached.
375346 DEBUG [2023-06-02 16:49:32]  Couldn't find template in cache for "error/error_5xx.ftlh"("zh_CN", UTF-8, parsed); will try to load it.
375346 DEBUG [2023-06-02 16:49:32]  TemplateLoader.findTemplateSource("error/error_5xx_zh_CN.ftlh"): Not found
375346 DEBUG [2023-06-02 16:49:32]  TemplateLoader.findTemplateSource("error/error_5xx_zh.ftlh"): Not found
375347 DEBUG [2023-06-02 16:49:32]  TemplateLoader.findTemplateSource("error/error_5xx.ftlh"): Not found
375402 DEBUG [2023-06-02 16:49:32]  Couldn't find template in cache for "error/error_400.ftlh"("zh_CN", UTF-8, parsed); will try to load it.
375404 DEBUG [2023-06-02 16:49:32]  TemplateLoader.findTemplateSource("error/error_400_zh_CN.ftlh"): Not found
375404 DEBUG [2023-06-02 16:49:32]  TemplateLoader.findTemplateSource("error/error_400_zh.ftlh"): Not found
375404 DEBUG [2023-06-02 16:49:32]  TemplateLoader.findTemplateSource("error/error_400.ftlh"): Not found
388590 DEBUG [2023-06-02 16:49:45]  TemplateLoader.findTemplateSource("error/error_5xx_zh_CN.ftlh"): Not found
388591 DEBUG [2023-06-02 16:49:45]  TemplateLoader.findTemplateSource("error/error_5xx_zh.ftlh"): Not found
388591 DEBUG [2023-06-02 16:49:45]  TemplateLoader.findTemplateSource("error/error_5xx.ftlh"): Not found
388591 DEBUG [2023-06-02 16:49:45]  "error/error_5xx.ftlh"("zh_CN", UTF-8, parsed) no source found.
388610 DEBUG [2023-06-02 16:49:45]  TemplateLoader.findTemplateSource("error/error_400_zh_CN.ftlh"): Not found
388610 DEBUG [2023-06-02 16:49:45]  TemplateLoader.findTemplateSource("error/error_400_zh.ftlh"): Not found
388611 DEBUG [2023-06-02 16:49:45]  TemplateLoader.findTemplateSource("error/error_400.ftlh"): Not found
388611 DEBUG [2023-06-02 16:49:45]  "error/error_400.ftlh"("zh_CN", UTF-8, parsed) no source found.
493783 DEBUG [2023-06-02 16:51:30]  TemplateLoader.findTemplateSource("error/error_5xx_zh_CN.ftlh"): Not found
493783 DEBUG [2023-06-02 16:51:30]  TemplateLoader.findTemplateSource("error/error_5xx_zh.ftlh"): Not found
493784 DEBUG [2023-06-02 16:51:30]  TemplateLoader.findTemplateSource("error/error_5xx.ftlh"): Not found
493784 DEBUG [2023-06-02 16:51:30]  "error/error_5xx.ftlh"("zh_CN", UTF-8, parsed) no source found.
493819 DEBUG [2023-06-02 16:51:30]  TemplateLoader.findTemplateSource("error/error_400_zh_CN.ftlh"): Not found
493820 DEBUG [2023-06-02 16:51:30]  TemplateLoader.findTemplateSource("error/error_400_zh.ftlh"): Not found
493820 DEBUG [2023-06-02 16:51:30]  TemplateLoader.findTemplateSource("error/error_400.ftlh"): Not found
493820 DEBUG [2023-06-02 16:51:30]  "error/error_400.ftlh"("zh_CN", UTF-8, parsed) no source found.
525834 DEBUG [2023-06-02 16:52:02]  TemplateLoader.findTemplateSource("blog/amaze/index_zh_CN.ftlh"): Not found
525835 DEBUG [2023-06-02 16:52:02]  TemplateLoader.findTemplateSource("blog/amaze/index_zh.ftlh"): Not found
525835 DEBUG [2023-06-02 16:52:02]  TemplateLoader.findTemplateSource("blog/amaze/index.ftlh"): Not found
525835 DEBUG [2023-06-02 16:52:02]  "blog/amaze/index.ftlh"("zh_CN", UTF-8, parsed) no source found.
528049 DEBUG [2023-06-02 16:52:04]  TemplateLoader.findTemplateSource("error/error_5xx_zh_CN.ftlh"): Not found
528049 DEBUG [2023-06-02 16:52:04]  TemplateLoader.findTemplateSource("error/error_5xx_zh.ftlh"): Not found
528049 DEBUG [2023-06-02 16:52:04]  TemplateLoader.findTemplateSource("error/error_5xx.ftlh"): Not found
528049 DEBUG [2023-06-02 16:52:04]  "error/error_5xx.ftlh"("zh_CN", UTF-8, parsed) no source found.
528070 DEBUG [2023-06-02 16:52:04]  TemplateLoader.findTemplateSource("error/error_400_zh_CN.ftlh"): Not found
528070 DEBUG [2023-06-02 16:52:04]  TemplateLoader.findTemplateSource("error/error_400_zh.ftlh"): Not found
528070 DEBUG [2023-06-02 16:52:04]  TemplateLoader.findTemplateSource("error/error_400.ftlh"): Not found
528070 DEBUG [2023-06-02 16:52:04]  "error/error_400.ftlh"("zh_CN", UTF-8, parsed) no source found.
565025 DEBUG [2023-06-02 16:52:41]  TemplateLoader.findTemplateSource("error/error_5xx_zh_CN.ftlh"): Not found
565025 DEBUG [2023-06-02 16:52:41]  TemplateLoader.findTemplateSource("error/error_5xx_zh.ftlh"): Not found
565025 DEBUG [2023-06-02 16:52:41]  TemplateLoader.findTemplateSource("error/error_5xx.ftlh"): Not found
565025 DEBUG [2023-06-02 16:52:41]  "error/error_5xx.ftlh"("zh_CN", UTF-8, parsed) no source found.
565049 DEBUG [2023-06-02 16:52:41]  TemplateLoader.findTemplateSource("error/error_400_zh_CN.ftlh"): Not found
565049 DEBUG [2023-06-02 16:52:41]  TemplateLoader.findTemplateSource("error/error_400_zh.ftlh"): Not found
565049 DEBUG [2023-06-02 16:52:41]  TemplateLoader.findTemplateSource("error/error_400.ftlh"): Not found
565049 DEBUG [2023-06-02 16:52:41]  "error/error_400.ftlh"("zh_CN", UTF-8, parsed) no source found.
0    DEBUG [2023-06-02 16:53:02]  Couldn't find template in cache for "error/error_5xx.ftlh"("zh_CN", UTF-8, parsed); will try to load it.
2    DEBUG [2023-06-02 16:53:02]  TemplateLoader.findTemplateSource("error/error_5xx_zh_CN.ftlh"): Not found
3    DEBUG [2023-06-02 16:53:02]  TemplateLoader.findTemplateSource("error/error_5xx_zh.ftlh"): Not found
3    DEBUG [2023-06-02 16:53:02]  TemplateLoader.findTemplateSource("error/error_5xx.ftlh"): Not found
323  DEBUG [2023-06-02 16:53:03]  Couldn't find template in cache for "error/error_400.ftlh"("zh_CN", UTF-8, parsed); will try to load it.
323  DEBUG [2023-06-02 16:53:03]  TemplateLoader.findTemplateSource("error/error_400_zh_CN.ftlh"): Not found
323  DEBUG [2023-06-02 16:53:03]  TemplateLoader.findTemplateSource("error/error_400_zh.ftlh"): Not found
324  DEBUG [2023-06-02 16:53:03]  TemplateLoader.findTemplateSource("error/error_400.ftlh"): Not found
4170 DEBUG [2023-06-02 16:53:07]  Couldn't find template in cache for "blog/amaze/index.ftlh"("zh_CN", UTF-8, parsed); will try to load it.
4170 DEBUG [2023-06-02 16:53:07]  TemplateLoader.findTemplateSource("blog/amaze/index_zh_CN.ftlh"): Not found
4170 DEBUG [2023-06-02 16:53:07]  TemplateLoader.findTemplateSource("blog/amaze/index_zh.ftlh"): Not found
4171 DEBUG [2023-06-02 16:53:07]  TemplateLoader.findTemplateSource("blog/amaze/index.ftlh"): Not found
4772 DEBUG [2023-06-02 16:53:07]  "blog/amaze/index.ftlh"("zh_CN", UTF-8, parsed) cached copy not yet stale; using cached.
7111 DEBUG [2023-06-02 16:53:10]  Couldn't find template in cache for "blog/amaze/link.ftlh"("zh_CN", UTF-8, parsed); will try to load it.
7111 DEBUG [2023-06-02 16:53:10]  TemplateLoader.findTemplateSource("blog/amaze/link_zh_CN.ftlh"): Not found
7111 DEBUG [2023-06-02 16:53:10]  TemplateLoader.findTemplateSource("blog/amaze/link_zh.ftlh"): Not found
7112 DEBUG [2023-06-02 16:53:10]  TemplateLoader.findTemplateSource("blog/amaze/link.ftlh"): Not found
7267 DEBUG [2023-06-02 16:53:10]  "blog/amaze/link.ftlh"("zh_CN", UTF-8, parsed) cached copy not yet stale; using cached.
8139 DEBUG [2023-06-02 16:53:11]  TemplateLoader.findTemplateSource("error/error_5xx_zh_CN.ftlh"): Not found
8139 DEBUG [2023-06-02 16:53:11]  TemplateLoader.findTemplateSource("error/error_5xx_zh.ftlh"): Not found
8139 DEBUG [2023-06-02 16:53:11]  TemplateLoader.findTemplateSource("error/error_5xx.ftlh"): Not found
8139 DEBUG [2023-06-02 16:53:11]  "error/error_5xx.ftlh"("zh_CN", UTF-8, parsed) no source found.
8233 DEBUG [2023-06-02 16:53:11]  TemplateLoader.findTemplateSource("error/error_400_zh_CN.ftlh"): Not found
8233 DEBUG [2023-06-02 16:53:11]  TemplateLoader.findTemplateSource("error/error_400_zh.ftlh"): Not found
8233 DEBUG [2023-06-02 16:53:11]  TemplateLoader.findTemplateSource("error/error_400.ftlh"): Not found
8233 DEBUG [2023-06-02 16:53:11]  "error/error_400.ftlh"("zh_CN", UTF-8, parsed) no source found.
219699 DEBUG [2023-06-02 16:56:42]  Couldn't find template in cache for "blog/amaze/message.ftlh"("zh_CN", UTF-8, parsed); will try to load it.
219699 DEBUG [2023-06-02 16:56:42]  TemplateLoader.findTemplateSource("blog/amaze/message_zh_CN.ftlh"): Not found
219699 DEBUG [2023-06-02 16:56:42]  TemplateLoader.findTemplateSource("blog/amaze/message_zh.ftlh"): Not found
219699 DEBUG [2023-06-02 16:56:42]  TemplateLoader.findTemplateSource("blog/amaze/message.ftlh"): Not found
221711 DEBUG [2023-06-02 16:56:44]  TemplateLoader.findTemplateSource("blog/amaze/message_zh_CN.ftlh"): Not found
221711 DEBUG [2023-06-02 16:56:44]  TemplateLoader.findTemplateSource("blog/amaze/message_zh.ftlh"): Not found
221711 DEBUG [2023-06-02 16:56:44]  TemplateLoader.findTemplateSource("blog/amaze/message.ftlh"): Not found
221711 DEBUG [2023-06-02 16:56:44]  "blog/amaze/message.ftlh"("zh_CN", UTF-8, parsed) no source found.
276947 DEBUG [2023-06-02 16:57:39]  TemplateLoader.findTemplateSource("blog/amaze/message_zh_CN.ftlh"): Not found
276947 DEBUG [2023-06-02 16:57:39]  TemplateLoader.findTemplateSource("blog/amaze/message_zh.ftlh"): Not found
276947 DEBUG [2023-06-02 16:57:39]  TemplateLoader.findTemplateSource("blog/amaze/message.ftlh"): Not found
276947 DEBUG [2023-06-02 16:57:39]  "blog/amaze/message.ftlh"("zh_CN", UTF-8, parsed) no source found.
277115 DEBUG [2023-06-02 16:57:40]  "blog/amaze/message.ftlh"("zh_CN", UTF-8, parsed) cached copy not yet stale; using cached.
291490 DEBUG [2023-06-02 16:57:54]  Couldn't find template in cache for "admin/login.ftlh"("zh_CN", UTF-8, parsed); will try to load it.
291490 DEBUG [2023-06-02 16:57:54]  TemplateLoader.findTemplateSource("admin/login_zh_CN.ftlh"): Not found
291490 DEBUG [2023-06-02 16:57:54]  TemplateLoader.findTemplateSource("admin/login_zh.ftlh"): Not found
291491 DEBUG [2023-06-02 16:57:54]  TemplateLoader.findTemplateSource("admin/login.ftlh"): Not found
391809 DEBUG [2023-06-02 16:59:34]  TemplateLoader.findTemplateSource("blog/amaze/index_zh_CN.ftlh"): Not found
391809 DEBUG [2023-06-02 16:59:34]  TemplateLoader.findTemplateSource("blog/amaze/index_zh.ftlh"): Not found
391809 DEBUG [2023-06-02 16:59:34]  TemplateLoader.findTemplateSource("blog/amaze/index.ftlh"): Not found
391809 DEBUG [2023-06-02 16:59:34]  "blog/amaze/index.ftlh"("zh_CN", UTF-8, parsed) no source found.
394526 DEBUG [2023-06-02 16:59:37]  TemplateLoader.findTemplateSource("blog/amaze/message_zh_CN.ftlh"): Not found
394526 DEBUG [2023-06-02 16:59:37]  TemplateLoader.findTemplateSource("blog/amaze/message_zh.ftlh"): Not found
394526 DEBUG [2023-06-02 16:59:37]  TemplateLoader.findTemplateSource("blog/amaze/message.ftlh"): Not found
394526 DEBUG [2023-06-02 16:59:37]  "blog/amaze/message.ftlh"("zh_CN", UTF-8, parsed) no source found.
394714 DEBUG [2023-06-02 16:59:37]  "blog/amaze/message.ftlh"("zh_CN", UTF-8, parsed) cached copy not yet stale; using cached.
399270 DEBUG [2023-06-02 16:59:42]  TemplateLoader.findTemplateSource("blog/amaze/message_zh_CN.ftlh"): Not found
399270 DEBUG [2023-06-02 16:59:42]  TemplateLoader.findTemplateSource("blog/amaze/message_zh.ftlh"): Not found
399271 DEBUG [2023-06-02 16:59:42]  TemplateLoader.findTemplateSource("blog/amaze/message.ftlh"): Not found
399271 DEBUG [2023-06-02 16:59:42]  "blog/amaze/message.ftlh"("zh_CN", UTF-8, parsed) no source found.
399470 DEBUG [2023-06-02 16:59:42]  "blog/amaze/message.ftlh"("zh_CN", UTF-8, parsed) cached copy not yet stale; using cached.
405000 DEBUG [2023-06-02 16:59:47]  TemplateLoader.findTemplateSource("error/error_5xx_zh_CN.ftlh"): Not found
405000 DEBUG [2023-06-02 16:59:47]  TemplateLoader.findTemplateSource("error/error_5xx_zh.ftlh"): Not found
405000 DEBUG [2023-06-02 16:59:47]  TemplateLoader.findTemplateSource("error/error_5xx.ftlh"): Not found
405000 DEBUG [2023-06-02 16:59:47]  "error/error_5xx.ftlh"("zh_CN", UTF-8, parsed) no source found.
405056 DEBUG [2023-06-02 16:59:47]  TemplateLoader.findTemplateSource("error/error_400_zh_CN.ftlh"): Not found
405056 DEBUG [2023-06-02 16:59:47]  TemplateLoader.findTemplateSource("error/error_400_zh.ftlh"): Not found
405056 DEBUG [2023-06-02 16:59:47]  TemplateLoader.findTemplateSource("error/error_400.ftlh"): Not found
405056 DEBUG [2023-06-02 16:59:47]  "error/error_400.ftlh"("zh_CN", UTF-8, parsed) no source found.
448012 DEBUG [2023-06-02 17:00:30]  TemplateLoader.findTemplateSource("blog/amaze/message_zh_CN.ftlh"): Not found
448012 DEBUG [2023-06-02 17:00:30]  TemplateLoader.findTemplateSource("blog/amaze/message_zh.ftlh"): Not found
448012 DEBUG [2023-06-02 17:00:30]  TemplateLoader.findTemplateSource("blog/amaze/message.ftlh"): Not found
448012 DEBUG [2023-06-02 17:00:30]  "blog/amaze/message.ftlh"("zh_CN", UTF-8, parsed) no source found.
448172 DEBUG [2023-06-02 17:00:31]  "blog/amaze/message.ftlh"("zh_CN", UTF-8, parsed) cached copy not yet stale; using cached.
552034 DEBUG [2023-06-02 17:02:14]  TemplateLoader.findTemplateSource("error/error_5xx_zh_CN.ftlh"): Not found
552035 DEBUG [2023-06-02 17:02:14]  TemplateLoader.findTemplateSource("error/error_5xx_zh.ftlh"): Not found
552035 DEBUG [2023-06-02 17:02:14]  TemplateLoader.findTemplateSource("error/error_5xx.ftlh"): Not found
552035 DEBUG [2023-06-02 17:02:14]  "error/error_5xx.ftlh"("zh_CN", UTF-8, parsed) no source found.
552059 DEBUG [2023-06-02 17:02:14]  TemplateLoader.findTemplateSource("error/error_400_zh_CN.ftlh"): Not found
552060 DEBUG [2023-06-02 17:02:14]  TemplateLoader.findTemplateSource("error/error_400_zh.ftlh"): Not found
552060 DEBUG [2023-06-02 17:02:14]  TemplateLoader.findTemplateSource("error/error_400.ftlh"): Not found
552060 DEBUG [2023-06-02 17:02:14]  "error/error_400.ftlh"("zh_CN", UTF-8, parsed) no source found.
552981 DEBUG [2023-06-02 17:02:15]  "error/error_5xx.ftlh"("zh_CN", UTF-8, parsed) cached copy not yet stale; using cached.
553002 DEBUG [2023-06-02 17:02:15]  "error/error_400.ftlh"("zh_CN", UTF-8, parsed) cached copy not yet stale; using cached.
553197 DEBUG [2023-06-02 17:02:16]  TemplateLoader.findTemplateSource("error/error_5xx_zh_CN.ftlh"): Not found
553197 DEBUG [2023-06-02 17:02:16]  TemplateLoader.findTemplateSource("error/error_5xx_zh.ftlh"): Not found
553197 DEBUG [2023-06-02 17:02:16]  TemplateLoader.findTemplateSource("error/error_5xx.ftlh"): Not found
553197 DEBUG [2023-06-02 17:02:16]  "error/error_5xx.ftlh"("zh_CN", UTF-8, parsed) no source found.
553214 DEBUG [2023-06-02 17:02:16]  TemplateLoader.findTemplateSource("error/error_400_zh_CN.ftlh"): Not found
553214 DEBUG [2023-06-02 17:02:16]  TemplateLoader.findTemplateSource("error/error_400_zh.ftlh"): Not found
553214 DEBUG [2023-06-02 17:02:16]  TemplateLoader.findTemplateSource("error/error_400.ftlh"): Not found
553214 DEBUG [2023-06-02 17:02:16]  "error/error_400.ftlh"("zh_CN", UTF-8, parsed) no source found.
553429 DEBUG [2023-06-02 17:02:16]  "error/error_5xx.ftlh"("zh_CN", UTF-8, parsed) cached copy not yet stale; using cached.
553444 DEBUG [2023-06-02 17:02:16]  "error/error_400.ftlh"("zh_CN", UTF-8, parsed) cached copy not yet stale; using cached.
553596 DEBUG [2023-06-02 17:02:16]  "error/error_5xx.ftlh"("zh_CN", UTF-8, parsed) cached copy not yet stale; using cached.
553613 DEBUG [2023-06-02 17:02:16]  "error/error_400.ftlh"("zh_CN", UTF-8, parsed) cached copy not yet stale; using cached.
553794 DEBUG [2023-06-02 17:02:16]  "error/error_5xx.ftlh"("zh_CN", UTF-8, parsed) cached copy not yet stale; using cached.
553811 DEBUG [2023-06-02 17:02:16]  "error/error_400.ftlh"("zh_CN", UTF-8, parsed) cached copy not yet stale; using cached.
553956 DEBUG [2023-06-02 17:02:16]  "error/error_5xx.ftlh"("zh_CN", UTF-8, parsed) cached copy not yet stale; using cached.
553999 DEBUG [2023-06-02 17:02:16]  "error/error_400.ftlh"("zh_CN", UTF-8, parsed) cached copy not yet stale; using cached.
554175 DEBUG [2023-06-02 17:02:17]  "error/error_5xx.ftlh"("zh_CN", UTF-8, parsed) cached copy not yet stale; using cached.
554193 DEBUG [2023-06-02 17:02:17]  "error/error_400.ftlh"("zh_CN", UTF-8, parsed) cached copy not yet stale; using cached.
623093 DEBUG [2023-06-02 17:03:25]  TemplateLoader.findTemplateSource("error/error_5xx_zh_CN.ftlh"): Not found
623094 DEBUG [2023-06-02 17:03:25]  TemplateLoader.findTemplateSource("error/error_5xx_zh.ftlh"): Not found
623094 DEBUG [2023-06-02 17:03:25]  TemplateLoader.findTemplateSource("error/error_5xx.ftlh"): Not found
623094 DEBUG [2023-06-02 17:03:25]  "error/error_5xx.ftlh"("zh_CN", UTF-8, parsed) no source found.
623110 DEBUG [2023-06-02 17:03:26]  TemplateLoader.findTemplateSource("error/error_400_zh_CN.ftlh"): Not found
623110 DEBUG [2023-06-02 17:03:26]  TemplateLoader.findTemplateSource("error/error_400_zh.ftlh"): Not found
623110 DEBUG [2023-06-02 17:03:26]  TemplateLoader.findTemplateSource("error/error_400.ftlh"): Not found
623110 DEBUG [2023-06-02 17:03:26]  "error/error_400.ftlh"("zh_CN", UTF-8, parsed) no source found.
624286 DEBUG [2023-06-02 17:03:27]  TemplateLoader.findTemplateSource("error/error_5xx_zh_CN.ftlh"): Not found
624286 DEBUG [2023-06-02 17:03:27]  TemplateLoader.findTemplateSource("error/error_5xx_zh.ftlh"): Not found
624286 DEBUG [2023-06-02 17:03:27]  TemplateLoader.findTemplateSource("error/error_5xx.ftlh"): Not found
624286 DEBUG [2023-06-02 17:03:27]  "error/error_5xx.ftlh"("zh_CN", UTF-8, parsed) no source found.
624306 DEBUG [2023-06-02 17:03:27]  TemplateLoader.findTemplateSource("error/error_400_zh_CN.ftlh"): Not found
624306 DEBUG [2023-06-02 17:03:27]  TemplateLoader.findTemplateSource("error/error_400_zh.ftlh"): Not found
624306 DEBUG [2023-06-02 17:03:27]  TemplateLoader.findTemplateSource("error/error_400.ftlh"): Not found
624306 DEBUG [2023-06-02 17:03:27]  "error/error_400.ftlh"("zh_CN", UTF-8, parsed) no source found.
624917 DEBUG [2023-06-02 17:03:27]  "error/error_5xx.ftlh"("zh_CN", UTF-8, parsed) cached copy not yet stale; using cached.
624934 DEBUG [2023-06-02 17:03:27]  "error/error_400.ftlh"("zh_CN", UTF-8, parsed) cached copy not yet stale; using cached.
625389 DEBUG [2023-06-02 17:03:28]  TemplateLoader.findTemplateSource("error/error_5xx_zh_CN.ftlh"): Not found
625389 DEBUG [2023-06-02 17:03:28]  TemplateLoader.findTemplateSource("error/error_5xx_zh.ftlh"): Not found
625389 DEBUG [2023-06-02 17:03:28]  TemplateLoader.findTemplateSource("error/error_5xx.ftlh"): Not found
625389 DEBUG [2023-06-02 17:03:28]  "error/error_5xx.ftlh"("zh_CN", UTF-8, parsed) no source found.
625405 DEBUG [2023-06-02 17:03:28]  TemplateLoader.findTemplateSource("error/error_400_zh_CN.ftlh"): Not found
625405 DEBUG [2023-06-02 17:03:28]  TemplateLoader.findTemplateSource("error/error_400_zh.ftlh"): Not found
625405 DEBUG [2023-06-02 17:03:28]  TemplateLoader.findTemplateSource("error/error_400.ftlh"): Not found
625405 DEBUG [2023-06-02 17:03:28]  "error/error_400.ftlh"("zh_CN", UTF-8, parsed) no source found.
625736 DEBUG [2023-06-02 17:03:28]  "error/error_5xx.ftlh"("zh_CN", UTF-8, parsed) cached copy not yet stale; using cached.
625784 DEBUG [2023-06-02 17:03:28]  "error/error_400.ftlh"("zh_CN", UTF-8, parsed) cached copy not yet stale; using cached.
666303 DEBUG [2023-06-02 17:04:09]  TemplateLoader.findTemplateSource("error/error_5xx_zh_CN.ftlh"): Not found
666303 DEBUG [2023-06-02 17:04:09]  TemplateLoader.findTemplateSource("error/error_5xx_zh.ftlh"): Not found
666303 DEBUG [2023-06-02 17:04:09]  TemplateLoader.findTemplateSource("error/error_5xx.ftlh"): Not found
666303 DEBUG [2023-06-02 17:04:09]  "error/error_5xx.ftlh"("zh_CN", UTF-8, parsed) no source found.
666351 DEBUG [2023-06-02 17:04:09]  TemplateLoader.findTemplateSource("error/error_400_zh_CN.ftlh"): Not found
666351 DEBUG [2023-06-02 17:04:09]  TemplateLoader.findTemplateSource("error/error_400_zh.ftlh"): Not found
666353 DEBUG [2023-06-02 17:04:09]  TemplateLoader.findTemplateSource("error/error_400.ftlh"): Not found
666353 DEBUG [2023-06-02 17:04:09]  "error/error_400.ftlh"("zh_CN", UTF-8, parsed) no source found.
